#
# A fatal error has been detected by the Java Runtime Environment:
#
#  EXCEPTION_ACCESS_VIOLATION (0xc0000005) at pc=0x00007ff911c77fe4, pid=19584, tid=19364
#
# JRE version: Java(TM) SE Runtime Environment (23.0.2+7) (build 23.0.2+7-58)
# Java VM: Java HotSpot(TM) 64-Bit Server VM (23.0.2+7-58, mixed mode, sharing, tiered, compressed oops, compressed class ptrs, g1 gc, windows-amd64)
# Problematic frame:
# V  [jvm.dll+0x5e7fe4]
#
# No core dump will be written. Minidumps are not enabled by default on client versions of Windows
#
# If you would like to submit a bug report, please visit:
#   https://bugreport.java.com/bugreport/crash.jsp
#

---------------  S U M M A R Y ------------

Command Line: -javaagent:C:\Program Files\JetBrains\IntelliJ IDEA Community Edition 2024.3.2.2\lib\idea_rt.jar=64282 -Dfile.encoding=UTF-8 -Dsun.stdout.encoding=UTF-8 -Dsun.stderr.encoding=UTF-8 com.trackme.TrackmeApplication

Host: AMD Ryzen 5 3500U with Radeon Vega Mobile Gfx  , 8 cores, 5G,  Windows 11 , 64 bit Build 22621 (10.0.22621.5262)
Time: Thu Apr 24 14:38:03 2025 Hora estándar oeste, Sudamérica elapsed time: 10.402801 seconds (0d 0h 0m 10s)

---------------  T H R E A D  ---------------

Current thread (0x000001a53fb502d0):  JavaThread "C2 CompilerThread0" daemon [_thread_in_native, id=19364, stack(0x0000003bd7c00000,0x0000003bd7d00000) (1024K)]


Current CompileTask:
C2:10403 4311       4       org.springframework.boot.context.properties.source.ConfigurationPropertyName$ElementsParser::parse (234 bytes)

Stack: [0x0000003bd7c00000,0x0000003bd7d00000],  sp=0x0000003bd7cfcb60,  free space=1010k
Native frames: (J=compiled Java code, j=interpreted, Vv=VM code, C=native code)
V  [jvm.dll+0x5e7fe4]  (no source info available)
V  [jvm.dll+0x1dc4c4]  (no source info available)
V  [jvm.dll+0x244ce5]  (no source info available)
V  [jvm.dll+0x243eff]  (no source info available)
V  [jvm.dll+0x1c34b0]  (no source info available)
V  [jvm.dll+0x253df1]  (no source info available)
V  [jvm.dll+0x2520aa]  (no source info available)
V  [jvm.dll+0x3ee226]  (no source info available)
V  [jvm.dll+0x8254cb]  (no source info available)
V  [jvm.dll+0x6df345]  (no source info available)
C  [ucrtbase.dll+0x29333]  (no source info available)
C  [KERNEL32.DLL+0x1259d]  (no source info available)
C  [ntdll.dll+0x5af58]  (no source info available)


siginfo: EXCEPTION_ACCESS_VIOLATION (0xc0000005), reading address 0xffffffffffffffff


Registers:
RAX=0x0000dc5f86c07234, RBX=0x000001a58550c660, RCX=0x0000000000002800, RDX=0x000001a587537100
RSP=0x0000003bd7cfcb60, RBP=0x0000003bd7cfcbf9, RSI=0x0000000000000008, RDI=0x0000003bd7cfcda0
R8 =0x0000000000002000, R9 =0x0000000000000002, R10=0x000001a5876e3850, R11=0x00007ff9122dc698
R12=0x0000000000000006, R13=0x000001a58550c660, R14=0x0000000000007224, R15=0x000001a586c05620
RIP=0x00007ff911c77fe4, EFLAGS=0x0000000000010206


Register to memory mapping:

RAX=0x0000dc5f86c07234 is an unknown value
RBX=0x000001a58550c660 points into unknown readable memory: 0x000000160000000d | 0d 00 00 00 16 00 00 00
RCX=0x0000000000002800 is an unknown value
RDX=0x000001a587537100 points into unknown readable memory: 0x0000000000000000 | 00 00 00 00 00 00 00 00
RSP=0x0000003bd7cfcb60 is pointing into the stack for thread: 0x000001a53fb502d0
RBP=0x0000003bd7cfcbf9 is pointing into the stack for thread: 0x000001a53fb502d0
RSI=0x0000000000000008 is an unknown value
RDI=0x0000003bd7cfcda0 is pointing into the stack for thread: 0x000001a53fb502d0
R8 =0x0000000000002000 is an unknown value
R9 =0x0000000000000002 is an unknown value
R10=0x000001a5876e3850 points into unknown readable memory: 0x00007ff9120511c0 | c0 11 05 12 f9 7f 00 00
R11=0x00007ff9122dc698 jvm.dll
R12=0x0000000000000006 is an unknown value
R13=0x000001a58550c660 points into unknown readable memory: 0x000000160000000d | 0d 00 00 00 16 00 00 00
R14=0x0000000000007224 is an unknown value
R15=0x000001a586c05620 points into unknown readable memory: 0x00007ff912065688 | 88 56 06 12 f9 7f 00 00

Top of Stack: (sp=0x0000003bd7cfcb60)
0x0000003bd7cfcb60:   000000000000158e 0000003bd7cfcba0
0x0000003bd7cfcb70:   000001a5876e3850 0000003bd7cfcbf9
0x0000003bd7cfcb80:   0000003bd7cfcbf0 00007ff911dbfe7e
0x0000003bd7cfcb90:   000001a5876e3850 000001a53fb4f090
0x0000003bd7cfcba0:   000001a500000008 000001a53fb4c0c0
0x0000003bd7cfcbb0:   000001a585508fe0 00007ff900000000
0x0000003bd7cfcbc0:   000001a58855d400 000001a53fb4c0c0
0x0000003bd7cfcbd0:   000001a58728bca0 000000000024c3a8
0x0000003bd7cfcbe0:   000001a58728ccb0 000001a587293c88
0x0000003bd7cfcbf0:   000001a500000040 000001a5875ab838
0x0000003bd7cfcc00:   0000000000000040 000001a53fb4c0c0
0x0000003bd7cfcc10:   000000000017b8b0 000001a585a0d870
0x0000003bd7cfcc20:   0000003bd7cfd1c0 0000000000000001
0x0000003bd7cfcc30:   000001a585a0d880 0000000000000000
0x0000003bd7cfcc40:   000001a585a0dc58 0000003bd7cfd0e0
0x0000003bd7cfcc50:   0000003bd7cfcd60 00007ff91186c4c4
0x0000003bd7cfcc60:   0000003b000003b1 0000003b00000007
0x0000003bd7cfcc70:   000001a58550c660 000001a53fb4f040
0x0000003bd7cfcc80:   00007ff912075600 0000000000000000
0x0000003bd7cfcc90:   000000010000d007 000001a585a0d870
0x0000003bd7cfcca0:   000001a587536d00 000001a58753a010
0x0000003bd7cfccb0:   000001a58753ece8 00000000006f1368
0x0000003bd7cfccc0:   000001a585a0d880 000000000000000e
0x0000003bd7cfccd0:   0000003bd7cf0000 0000000000000000
0x0000003bd7cfcce0:   0000000000000000 000000000000ba00
0x0000003bd7cfccf0:   000001a5863951b0 00007ff912065858
0x0000003bd7cfcd00:   0000000000000000 0000003bd7cfe590
0x0000003bd7cfcd10:   0000000000000000 00007ff912065858
0x0000003bd7cfcd20:   0000000000000000 40362ce99f35c4ca
0x0000003bd7cfcd30:   000001a50000000c 0000003bd7cfe590
0x0000003bd7cfcd40:   000001a589c67050 000001a586e98900
0x0000003bd7cfcd50:   000001a589dd5050 000001a500002282 

Instructions: (pc=0x00007ff911c77fe4)
0x00007ff911c77ee4:   45 8d 67 ff 45 3b 62 18 73 0a 49 8b 42 20 4e 8b
0x00007ff911c77ef4:   3c e0 eb 03 45 33 ff 41 8b 47 2c 83 e0 0f 3c 0c
0x00007ff911c77f04:   0f 84 81 01 00 00 48 8b 47 40 49 63 57 28 48 8b
0x00007ff911c77f14:   48 08 8b 34 91 85 f6 74 5d 49 8b 45 08 8b ce 48
0x00007ff911c77f24:   c1 e9 08 8b de 4c 8b 04 c8 4d 3b c3 75 18 8b d6
0x00007ff911c77f34:   49 8b cd e8 34 0f dd ff 4c 8b 55 97 4c 8d 1d 51
0x00007ff911c77f44:   47 66 00 4c 8b c0 0f b6 cb ba 01 00 00 00 48 c1
0x00007ff911c77f54:   eb 06 80 e1 3f 83 e3 03 48 d3 e2 49 8b 0c d8 48
0x00007ff911c77f64:   8b c1 48 0b c2 49 89 04 d8 48 8b 5d 77 48 85 ca
0x00007ff911c77f74:   75 04 41 ff 45 00 48 8b 43 08 48 8b ce 48 c1 e9
0x00007ff911c77f84:   08 4c 8b ce 49 c1 e9 06 41 b8 01 00 00 00 41 83
0x00007ff911c77f94:   e1 03 48 8b 14 c8 40 0f b6 ce 80 e1 3f 49 d3 e0
0x00007ff911c77fa4:   49 8b c0 4a 8b 0c ca 48 f7 d0 48 23 c1 4a 89 04
0x00007ff911c77fb4:   ca 49 85 c8 74 02 ff 0b 41 8b 47 18 83 f8 01 0f
0x00007ff911c77fc4:   86 af 00 00 00 4c 8b 6d 77 44 8d 70 ff be 08 00
0x00007ff911c77fd4:   00 00 66 66 0f 1f 84 00 00 00 00 00 49 8b 47 08
0x00007ff911c77fe4:   48 8b 0c 30 48 8b 47 38 8b 51 28 48 8b 48 78 4c
0x00007ff911c77ff4:   39 14 d1 74 69 48 8b 47 40 48 63 d2 48 8b 48 08
0x00007ff911c78004:   8b 14 91 85 d2 74 57 49 8b 45 08 8b ca 48 c1 e9
0x00007ff911c78014:   08 8b da 4c 8b 04 c8 4d 3b c3 75 16 49 8b cd e8
0x00007ff911c78024:   48 0e dd ff 4c 8b 55 97 4c 8d 1d 65 46 66 00 4c
0x00007ff911c78034:   8b c0 0f b6 cb ba 01 00 00 00 48 c1 eb 06 80 e1
0x00007ff911c78044:   3f 83 e3 03 48 d3 e2 49 8b 0c d8 48 8b c1 48 0b
0x00007ff911c78054:   c2 49 89 04 d8 48 85 ca 75 04 41 ff 45 00 48 83
0x00007ff911c78064:   c6 08 49 83 ee 01 0f 85 70 ff ff ff 4c 8b 6d c7
0x00007ff911c78074:   48 8b 5d 77 44 89 65 6f 45 8b fc 41 83 fc 01 0f
0x00007ff911c78084:   87 5b fe ff ff eb 04 44 8b 7d 6f 4c 8b 65 97 45
0x00007ff911c78094:   8b f7 45 85 ff 0f 84 d5 00 00 00 90 41 8d 46 ff
0x00007ff911c780a4:   44 8b f0 41 3b 44 24 18 73 0d 8b c8 49 8b 44 24
0x00007ff911c780b4:   20 48 8b 14 c8 eb 02 33 d2 48 8b 47 40 48 63 52
0x00007ff911c780c4:   28 48 8b 48 08 8b 34 91 85 f6 74 59 49 8b 45 08
0x00007ff911c780d4:   8b ce 48 c1 e9 08 8b de 4c 8b 04 c8 4d 3b c3 75 


Stack slot to memory mapping:

stack at sp + 0 slots: 0x000000000000158e is an unknown value
stack at sp + 1 slots: 0x0000003bd7cfcba0 is pointing into the stack for thread: 0x000001a53fb502d0
stack at sp + 2 slots: 0x000001a5876e3850 points into unknown readable memory: 0x00007ff9120511c0 | c0 11 05 12 f9 7f 00 00
stack at sp + 3 slots: 0x0000003bd7cfcbf9 is pointing into the stack for thread: 0x000001a53fb502d0
stack at sp + 4 slots: 0x0000003bd7cfcbf0 is pointing into the stack for thread: 0x000001a53fb502d0
stack at sp + 5 slots: 0x00007ff911dbfe7e jvm.dll
stack at sp + 6 slots: 0x000001a5876e3850 points into unknown readable memory: 0x00007ff9120511c0 | c0 11 05 12 f9 7f 00 00
stack at sp + 7 slots: 0x000001a53fb4f090 points into unknown readable memory: 0x8000001200000001 | 01 00 00 00 12 00 00 80

Lock stack of current Java thread (top to bottom):


---------------  P R O C E S S  ---------------

Threads class SMR info:
_java_thread_list=0x000001a58679e500, length=16, elements={
0x000001a52145c600, 0x000001a53fb3cdd0, 0x000001a53fb3df40, 0x000001a53fb40cc0,
0x000001a53fb418d0, 0x000001a53fb46870, 0x000001a53fb4a510, 0x000001a53fb502d0,
0x000001a53fb536b0, 0x000001a53fb11f70, 0x000001a53ff06c70, 0x000001a53ff026d0,
0x000001a586b9b950, 0x000001a586b9c670, 0x000001a586b9ac30, 0x000001a586b9bfe0
}

Java Threads: ( => current thread )
  0x000001a52145c600 JavaThread "main"                              [_thread_in_native, id=14004, stack(0x0000003bd6e00000,0x0000003bd6f00000) (1024K)]
  0x000001a53fb3cdd0 JavaThread "Reference Handler"          daemon [_thread_blocked, id=5304, stack(0x0000003bd7600000,0x0000003bd7700000) (1024K)]
  0x000001a53fb3df40 JavaThread "Finalizer"                  daemon [_thread_blocked, id=23232, stack(0x0000003bd7700000,0x0000003bd7800000) (1024K)]
  0x000001a53fb40cc0 JavaThread "Signal Dispatcher"          daemon [_thread_blocked, id=16484, stack(0x0000003bd7800000,0x0000003bd7900000) (1024K)]
  0x000001a53fb418d0 JavaThread "Attach Listener"            daemon [_thread_blocked, id=19280, stack(0x0000003bd7900000,0x0000003bd7a00000) (1024K)]
  0x000001a53fb46870 JavaThread "Service Thread"             daemon [_thread_blocked, id=12124, stack(0x0000003bd7a00000,0x0000003bd7b00000) (1024K)]
  0x000001a53fb4a510 JavaThread "Monitor Deflation Thread"   daemon [_thread_blocked, id=12356, stack(0x0000003bd7b00000,0x0000003bd7c00000) (1024K)]
=>0x000001a53fb502d0 JavaThread "C2 CompilerThread0"         daemon [_thread_in_native, id=19364, stack(0x0000003bd7c00000,0x0000003bd7d00000) (1024K)]
  0x000001a53fb536b0 JavaThread "C1 CompilerThread0"         daemon [_thread_blocked, id=8112, stack(0x0000003bd7d00000,0x0000003bd7e00000) (1024K)]
  0x000001a53fb11f70 JavaThread "Common-Cleaner"             daemon [_thread_blocked, id=20036, stack(0x0000003bd7e00000,0x0000003bd7f00000) (1024K)]
  0x000001a53ff06c70 JavaThread "Monitor Ctrl-Break"         daemon [_thread_in_native, id=21100, stack(0x0000003bd7f00000,0x0000003bd8000000) (1024K)]
  0x000001a53ff026d0 JavaThread "Notification Thread"        daemon [_thread_blocked, id=21968, stack(0x0000003bd8000000,0x0000003bd8100000) (1024K)]
  0x000001a586b9b950 JavaThread "Catalina-utility-1"                [_thread_blocked, id=16764, stack(0x0000003bd8100000,0x0000003bd8200000) (1024K)]
  0x000001a586b9c670 JavaThread "Catalina-utility-2"                [_thread_blocked, id=21736, stack(0x0000003bd8800000,0x0000003bd8900000) (1024K)]
  0x000001a586b9ac30 JavaThread "container-0"                       [_thread_blocked, id=9988, stack(0x0000003bd8b00000,0x0000003bd8c00000) (1024K)]
  0x000001a586b9bfe0 JavaThread "mysql-cj-abandoned-connection-cleanup" daemon [_thread_blocked, id=22176, stack(0x0000003bd8c00000,0x0000003bd8d00000) (1024K)]
Total: 16

Other Threads:
  0x000001a53fb266a0 VMThread "VM Thread"                           [id=21260, stack(0x0000003bd7500000,0x0000003bd7600000) (1024K)]
  0x000001a53fb10bc0 WatcherThread "VM Periodic Task Thread"        [id=6028, stack(0x0000003bd7400000,0x0000003bd7500000) (1024K)]
  0x000001a5237c01d0 WorkerThread "GC Thread#0"                     [id=20244, stack(0x0000003bd6f00000,0x0000003bd7000000) (1024K)]
  0x000001a5859b9340 WorkerThread "GC Thread#1"                     [id=20984, stack(0x0000003bd8200000,0x0000003bd8300000) (1024K)]
  0x000001a5859c6ed0 WorkerThread "GC Thread#2"                     [id=17540, stack(0x0000003bd8300000,0x0000003bd8400000) (1024K)]
  0x000001a58597ffa0 WorkerThread "GC Thread#3"                     [id=16012, stack(0x0000003bd8400000,0x0000003bd8500000) (1024K)]
  0x000001a585982360 WorkerThread "GC Thread#4"                     [id=15936, stack(0x0000003bd8500000,0x0000003bd8600000) (1024K)]
  0x000001a585982710 WorkerThread "GC Thread#5"                     [id=20256, stack(0x0000003bd8600000,0x0000003bd8700000) (1024K)]
  0x000001a58598aee0 WorkerThread "GC Thread#6"                     [id=21332, stack(0x0000003bd8700000,0x0000003bd8800000) (1024K)]
  0x000001a585a55a10 WorkerThread "GC Thread#7"                     [id=22476, stack(0x0000003bd8900000,0x0000003bd8a00000) (1024K)]
  0x000001a5237d0270 ConcurrentGCThread "G1 Main Marker"            [id=18648, stack(0x0000003bd7000000,0x0000003bd7100000) (1024K)]
  0x000001a5237d1520 WorkerThread "G1 Conc#0"                       [id=15064, stack(0x0000003bd7100000,0x0000003bd7200000) (1024K)]
  0x000001a5863093c0 WorkerThread "G1 Conc#1"                       [id=23408, stack(0x0000003bd8a00000,0x0000003bd8b00000) (1024K)]
  0x000001a53f9e54d0 ConcurrentGCThread "G1 Refine#0"               [id=15620, stack(0x0000003bd7200000,0x0000003bd7300000) (1024K)]
  0x000001a52382e460 ConcurrentGCThread "G1 Service"                [id=12268, stack(0x0000003bd7300000,0x0000003bd7400000) (1024K)]
Total: 15

Threads with active compile tasks:
C2 CompilerThread0  10628 4311       4       org.springframework.boot.context.properties.source.ConfigurationPropertyName$ElementsParser::parse (234 bytes)
C1 CompilerThread0  10628 4390       2       java.lang.invoke.VarHandleGuards::guard_LII_V (135 bytes)
Total: 2

VM state: not at safepoint (normal execution)

VM Mutex/Monitor currently owned by a thread: None

Heap address: 0x00000000a0c00000, size: 1524 MB, Compressed Oops mode: 32-bit

CDS archive(s) mapped at: [0x000001a540000000-0x000001a540d70000-0x000001a540d70000), size 14090240, SharedBaseAddress: 0x000001a540000000, ArchiveRelocationMode: 1.
Compressed class space mapped at: 0x000001a541000000-0x000001a581000000, reserved size: 1073741824
Narrow klass base: 0x000001a540000000, Narrow klass shift: 0, Narrow klass range: 0x41000000

GC Precious Log:
 CardTable entry size: 512
 Card Set container configuration: InlinePtr #cards 5 size 8 Array Of Cards #cards 10 size 36 Howl #buckets 4 coarsen threshold 1843 Howl Bitmap #cards 512 size 80 coarsen threshold 460 Card regions per heap region 1 cards per card region 2048
 CPUs: 8 total, 8 available
 Memory: 6091M
 Large Page Support: Disabled
 NUMA Support: Disabled
 Compressed Oops: Enabled (32-bit)
 Heap Region Size: 1M
 Heap Min Capacity: 8M
 Heap Initial Capacity: 96M
 Heap Max Capacity: 1524M
 Pre-touch: Disabled
 Parallel Workers: 8
 Concurrent Workers: 2
 Concurrent Refinement Workers: 8
 Periodic GC: Disabled

Heap:
 garbage-first heap   total reserved 1560576K, committed 51200K, used 27067K [0x00000000a0c00000, 0x0000000100000000)
  region size 1024K, 10 young (10240K), 2 survivors (2048K)
 Metaspace       used 35200K, committed 35776K, reserved 1114112K
  class space    used 4684K, committed 4928K, reserved 1048576K

Heap Regions: E=young(eden), S=young(survivor), O=old, HS=humongous(starts), HC=humongous(continues), CS=collection set, F=free, TAMS=top-at-mark-start, PB=parsable bottom
|   0|0x00000000a0c00000, 0x00000000a0d00000, 0x00000000a0d00000|100%|HS|  |TAMS 0x00000000a0c00000| PB 0x00000000a0c00000| Complete |  0
|   1|0x00000000a0d00000, 0x00000000a0e00000, 0x00000000a0e00000|100%|HS|  |TAMS 0x00000000a0d00000| PB 0x00000000a0d00000| Complete |  0
|   2|0x00000000a0e00000, 0x00000000a0f00000, 0x00000000a0f00000|100%| O|  |TAMS 0x00000000a0e00000| PB 0x00000000a0e00000| Untracked |  0
|   3|0x00000000a0f00000, 0x00000000a1000000, 0x00000000a1000000|100%| O|  |TAMS 0x00000000a0f00000| PB 0x00000000a0f00000| Untracked |  0
|   4|0x00000000a1000000, 0x00000000a1100000, 0x00000000a1100000|100%| O|  |TAMS 0x00000000a1000000| PB 0x00000000a1000000| Untracked |  0
|   5|0x00000000a1100000, 0x00000000a1200000, 0x00000000a1200000|100%| O|  |TAMS 0x00000000a1100000| PB 0x00000000a1100000| Untracked |  0
|   6|0x00000000a1200000, 0x00000000a1300000, 0x00000000a1300000|100%| O|  |TAMS 0x00000000a1200000| PB 0x00000000a1200000| Untracked |  0
|   7|0x00000000a1300000, 0x00000000a1400000, 0x00000000a1400000|100%| O|  |TAMS 0x00000000a1300000| PB 0x00000000a1300000| Untracked |  0
|   8|0x00000000a1400000, 0x00000000a142e820, 0x00000000a1500000| 18%| O|  |TAMS 0x00000000a1400000| PB 0x00000000a1400000| Untracked |  0
|   9|0x00000000a1500000, 0x00000000a1600000, 0x00000000a1600000|100%| O|  |TAMS 0x00000000a1500000| PB 0x00000000a1500000| Untracked |  0
|  10|0x00000000a1600000, 0x00000000a1700000, 0x00000000a1700000|100%| O|  |TAMS 0x00000000a1600000| PB 0x00000000a1600000| Untracked |  0
|  11|0x00000000a1700000, 0x00000000a1800000, 0x00000000a1800000|100%| O|  |TAMS 0x00000000a1700000| PB 0x00000000a1700000| Untracked |  0
|  12|0x00000000a1800000, 0x00000000a1900000, 0x00000000a1900000|100%| O|  |TAMS 0x00000000a1800000| PB 0x00000000a1800000| Untracked |  0
|  13|0x00000000a1900000, 0x00000000a1a00000, 0x00000000a1a00000|100%| O|  |TAMS 0x00000000a1900000| PB 0x00000000a1900000| Untracked |  0
|  14|0x00000000a1a00000, 0x00000000a1b00000, 0x00000000a1b00000|100%| O|  |TAMS 0x00000000a1a00000| PB 0x00000000a1a00000| Untracked |  0
|  15|0x00000000a1b00000, 0x00000000a1c00000, 0x00000000a1c00000|100%| O|  |TAMS 0x00000000a1b00000| PB 0x00000000a1b00000| Untracked |  0
|  16|0x00000000a1c00000, 0x00000000a1d00000, 0x00000000a1d00000|100%| O|  |TAMS 0x00000000a1c00000| PB 0x00000000a1c00000| Untracked |  0
|  17|0x00000000a1d00000, 0x00000000a1e00000, 0x00000000a1e00000|100%| O|  |TAMS 0x00000000a1d00000| PB 0x00000000a1d00000| Untracked |  0
|  18|0x00000000a1e00000, 0x00000000a1e50880, 0x00000000a1f00000| 31%| O|  |TAMS 0x00000000a1e00000| PB 0x00000000a1e00000| Untracked |  0
|  19|0x00000000a1f00000, 0x00000000a1f00000, 0x00000000a2000000|  0%| F|  |TAMS 0x00000000a1f00000| PB 0x00000000a1f00000| Untracked |  0
|  20|0x00000000a2000000, 0x00000000a2000000, 0x00000000a2100000|  0%| F|  |TAMS 0x00000000a2000000| PB 0x00000000a2000000| Untracked |  0
|  21|0x00000000a2100000, 0x00000000a2100000, 0x00000000a2200000|  0%| F|  |TAMS 0x00000000a2100000| PB 0x00000000a2100000| Untracked |  0
|  22|0x00000000a2200000, 0x00000000a2200000, 0x00000000a2300000|  0%| F|  |TAMS 0x00000000a2200000| PB 0x00000000a2200000| Untracked |  0
|  23|0x00000000a2300000, 0x00000000a2300000, 0x00000000a2400000|  0%| F|  |TAMS 0x00000000a2300000| PB 0x00000000a2300000| Untracked |  0
|  24|0x00000000a2400000, 0x00000000a2400000, 0x00000000a2500000|  0%| F|  |TAMS 0x00000000a2400000| PB 0x00000000a2400000| Untracked |  0
|  25|0x00000000a2500000, 0x00000000a25efc38, 0x00000000a2600000| 93%| S|CS|TAMS 0x00000000a2500000| PB 0x00000000a2500000| Complete |  0
|  26|0x00000000a2600000, 0x00000000a2600000, 0x00000000a2700000|  0%| F|  |TAMS 0x00000000a2600000| PB 0x00000000a2600000| Untracked |  0
|  27|0x00000000a2700000, 0x00000000a2700000, 0x00000000a2800000|  0%| F|  |TAMS 0x00000000a2700000| PB 0x00000000a2700000| Untracked |  0
|  28|0x00000000a2800000, 0x00000000a2800000, 0x00000000a2900000|  0%| F|  |TAMS 0x00000000a2800000| PB 0x00000000a2800000| Untracked |  0
|  29|0x00000000a2900000, 0x00000000a2a00000, 0x00000000a2a00000|100%| S|CS|TAMS 0x00000000a2900000| PB 0x00000000a2900000| Complete |  0
|  30|0x00000000a2a00000, 0x00000000a2a00000, 0x00000000a2b00000|  0%| F|  |TAMS 0x00000000a2a00000| PB 0x00000000a2a00000| Untracked |  0
|  31|0x00000000a2b00000, 0x00000000a2b00000, 0x00000000a2c00000|  0%| F|  |TAMS 0x00000000a2b00000| PB 0x00000000a2b00000| Untracked |  0
|  32|0x00000000a2c00000, 0x00000000a2c00000, 0x00000000a2d00000|  0%| F|  |TAMS 0x00000000a2c00000| PB 0x00000000a2c00000| Untracked |  0
|  33|0x00000000a2d00000, 0x00000000a2d00000, 0x00000000a2e00000|  0%| F|  |TAMS 0x00000000a2d00000| PB 0x00000000a2d00000| Untracked |  0
|  34|0x00000000a2e00000, 0x00000000a2e00000, 0x00000000a2f00000|  0%| F|  |TAMS 0x00000000a2e00000| PB 0x00000000a2e00000| Untracked |  0
|  35|0x00000000a2f00000, 0x00000000a2f00000, 0x00000000a3000000|  0%| F|  |TAMS 0x00000000a2f00000| PB 0x00000000a2f00000| Untracked |  0
|  36|0x00000000a3000000, 0x00000000a3000000, 0x00000000a3100000|  0%| F|  |TAMS 0x00000000a3000000| PB 0x00000000a3000000| Untracked |  0
|  37|0x00000000a3100000, 0x00000000a3100000, 0x00000000a3200000|  0%| F|  |TAMS 0x00000000a3100000| PB 0x00000000a3100000| Untracked |  0
|  38|0x00000000a3200000, 0x00000000a3200000, 0x00000000a3300000|  0%| F|  |TAMS 0x00000000a3200000| PB 0x00000000a3200000| Untracked |  0
|  39|0x00000000a3300000, 0x00000000a3300000, 0x00000000a3400000|  0%| F|  |TAMS 0x00000000a3300000| PB 0x00000000a3300000| Untracked |  0
|  40|0x00000000a3400000, 0x00000000a3400000, 0x00000000a3500000|  0%| F|  |TAMS 0x00000000a3400000| PB 0x00000000a3400000| Untracked |  0
|  41|0x00000000a3500000, 0x00000000a3500000, 0x00000000a3600000|  0%| F|  |TAMS 0x00000000a3500000| PB 0x00000000a3500000| Untracked |  0
|  42|0x00000000a3600000, 0x00000000a365fc58, 0x00000000a3700000| 37%| E|  |TAMS 0x00000000a3600000| PB 0x00000000a3600000| Complete |  0
|  48|0x00000000a3c00000, 0x00000000a3d00000, 0x00000000a3d00000|100%| E|CS|TAMS 0x00000000a3c00000| PB 0x00000000a3c00000| Complete |  0
|  49|0x00000000a3d00000, 0x00000000a3e00000, 0x00000000a3e00000|100%| E|CS|TAMS 0x00000000a3d00000| PB 0x00000000a3d00000| Complete |  0
|  50|0x00000000a3e00000, 0x00000000a3f00000, 0x00000000a3f00000|100%| E|CS|TAMS 0x00000000a3e00000| PB 0x00000000a3e00000| Complete |  0
|  51|0x00000000a3f00000, 0x00000000a4000000, 0x00000000a4000000|100%| E|CS|TAMS 0x00000000a3f00000| PB 0x00000000a3f00000| Complete |  0
|  52|0x00000000a4000000, 0x00000000a4100000, 0x00000000a4100000|100%| E|CS|TAMS 0x00000000a4000000| PB 0x00000000a4000000| Complete |  0
|  53|0x00000000a4100000, 0x00000000a4200000, 0x00000000a4200000|100%| E|CS|TAMS 0x00000000a4100000| PB 0x00000000a4100000| Complete |  0
|  95|0x00000000a6b00000, 0x00000000a6c00000, 0x00000000a6c00000|100%| E|CS|TAMS 0x00000000a6b00000| PB 0x00000000a6b00000| Complete |  0

Card table byte_map: [0x000001a53b600000,0x000001a53b900000] _byte_map_base: 0x000001a53b0fa000

Marking Bits: (CMBitMap*) 0x000001a5237c08e0
 Bits: [0x000001a53b900000, 0x000001a53d0d0000)

Polling page: 0x000001a5215c0000

Metaspace:

Usage:
  Non-class:     29.82 MB used.
      Class:      4.58 MB used.
       Both:     34.40 MB used.

Virtual space:
  Non-class space:       64.00 MB reserved,      30.12 MB ( 47%) committed,  1 nodes.
      Class space:        1.00 GB reserved,       4.81 MB ( <1%) committed,  1 nodes.
             Both:        1.06 GB reserved,      34.94 MB (  3%) committed. 

Chunk freelists:
   Non-Class:  976.00 KB
       Class:  11.09 MB
        Both:  12.05 MB

MaxMetaspaceSize: unlimited
CompressedClassSpaceSize: 1.00 GB
Initial GC threshold: 21.00 MB
Current GC threshold: 35.25 MB
CDS: on
 - commit_granule_bytes: 65536.
 - commit_granule_words: 8192.
 - virtual_space_node_default_size: 8388608.
 - enlarge_chunks_in_place: 1.
 - use_allocation_guard: 0.


Internal statistics:

num_allocs_failed_limit: 3.
num_arena_births: 642.
num_arena_deaths: 0.
num_vsnodes_births: 2.
num_vsnodes_deaths: 0.
num_space_committed: 559.
num_space_uncommitted: 0.
num_chunks_returned_to_freelist: 3.
num_chunks_taken_from_freelist: 1876.
num_chunk_merges: 3.
num_chunk_splits: 1277.
num_chunks_enlarged: 910.
num_inconsistent_stats: 0.

CodeHeap 'non-profiled nmethods': size=120064Kb used=1675Kb max_used=1675Kb free=118388Kb
 bounds [0x000001a533970000, 0x000001a533be0000, 0x000001a53aeb0000]
CodeHeap 'profiled nmethods': size=120000Kb used=6736Kb max_used=6736Kb free=113263Kb
 bounds [0x000001a52beb0000, 0x000001a52c550000, 0x000001a5333e0000]
CodeHeap 'non-nmethods': size=5696Kb used=1486Kb max_used=1518Kb free=4209Kb
 bounds [0x000001a5333e0000, 0x000001a533650000, 0x000001a533970000]
CodeCache: size=245760Kb, used=9897Kb, max_used=9929Kb, free=235860Kb
 total_blobs=4941, nmethods=4362, adapters=483, full_count=0
Compilation: enabled, stopped_count=0, restarted_count=0

Compilation events (20 events):
Event: 10.041 Thread 0x000001a53fb536b0 4373       3       sun.nio.fs.WindowsPath::compareTo (118 bytes)
Event: 10.043 Thread 0x000001a53fb536b0 nmethod 4373 0x000001a52c53df88 code [0x000001a52c53e240, 0x000001a52c53f658]
Event: 10.043 Thread 0x000001a53fb536b0 4374       3       java.util.stream.ForEachOps$ForEachOp$OfRef::accept (11 bytes)
Event: 10.044 Thread 0x000001a53fb536b0 nmethod 4374 0x000001a52c53f708 code [0x000001a52c53f820, 0x000001a52c53f9f8]
Event: 10.044 Thread 0x000001a53fb536b0 4375       3       sun.nio.fs.WindowsPath::isAbsolute (26 bytes)
Event: 10.044 Thread 0x000001a53fb536b0 nmethod 4375 0x000001a52c53fa08 code [0x000001a52c53fb20, 0x000001a52c53fcc0]
Event: 10.046 Thread 0x000001a53fb536b0 4376       1       org.springframework.context.support.GenericApplicationContext::getBeanFactory (5 bytes)
Event: 10.046 Thread 0x000001a53fb536b0 nmethod 4376 0x000001a533b11808 code [0x000001a533b11920, 0x000001a533b119e8]
Event: 10.046 Thread 0x000001a53fb536b0 4377       3       org.springframework.core.MethodParameter::<init> (8 bytes)
Event: 10.048 Thread 0x000001a53fb536b0 nmethod 4377 0x000001a52c53fd08 code [0x000001a52c53ff00, 0x000001a52c540ad0]
Event: 10.049 Thread 0x000001a53fb536b0 4378   !   3       jdk.proxy2.$Proxy41::annotationType (28 bytes)
Event: 10.049 Thread 0x000001a53fb536b0 nmethod 4378 0x000001a52c540b88 code [0x000001a52c540ce0, 0x000001a52c5410c0]
Event: 10.190 Thread 0x000001a53fb536b0 4380       3       jdk.internal.org.objectweb.asm.AnnotationWriter::computeAnnotationsSize (42 bytes)
Event: 10.191 Thread 0x000001a53fb536b0 nmethod 4380 0x000001a52c541108 code [0x000001a52c541240, 0x000001a52c541478]
Event: 10.193 Thread 0x000001a53fb536b0 4383       3       java.lang.invoke.LambdaFormBuffer::endEdit (313 bytes)
Event: 10.194 Thread 0x000001a53fb536b0 nmethod 4383 0x000001a52c541488 code [0x000001a52c541660, 0x000001a52c542368]
Event: 10.195 Thread 0x000001a53fb536b0 4384       1       java.lang.invoke.LambdaForm::arity (5 bytes)
Event: 10.195 Thread 0x000001a53fb536b0 nmethod 4384 0x000001a533b12408 code [0x000001a533b12520, 0x000001a533b125e8]
Event: 10.263 Thread 0x000001a53fb536b0 4386       2       jdk.internal.loader.URLClassPath$1::next (59 bytes)
Event: 10.263 Thread 0x000001a53fb536b0 nmethod 4386 0x000001a52c542408 code [0x000001a52c542560, 0x000001a52c542838]

GC Heap History (12 events):
Event: 2.503 GC heap before
{Heap before GC invocations=0 (full 0):
 garbage-first heap   total reserved 1560576K, committed 98304K, used 26624K [0x00000000a0c00000, 0x0000000100000000)
  region size 1024K, 24 young (24576K), 0 survivors (0K)
 Metaspace       used 7561K, committed 7808K, reserved 1114112K
  class space    used 932K, committed 1024K, reserved 1048576K
}
Event: 2.520 GC heap after
{Heap after GC invocations=1 (full 0):
 garbage-first heap   total reserved 1560576K, committed 98304K, used 8064K [0x00000000a0c00000, 0x0000000100000000)
  region size 1024K, 3 young (3072K), 3 survivors (3072K)
 Metaspace       used 7561K, committed 7808K, reserved 1114112K
  class space    used 932K, committed 1024K, reserved 1048576K
}
Event: 3.643 GC heap before
{Heap before GC invocations=1 (full 0):
 garbage-first heap   total reserved 1560576K, committed 98304K, used 27520K [0x00000000a0c00000, 0x0000000100000000)
  region size 1024K, 23 young (23552K), 3 survivors (3072K)
 Metaspace       used 12188K, committed 12480K, reserved 1114112K
  class space    used 1624K, committed 1728K, reserved 1048576K
}
Event: 3.654 GC heap after
{Heap after GC invocations=2 (full 0):
 garbage-first heap   total reserved 1560576K, committed 98304K, used 10032K [0x00000000a0c00000, 0x0000000100000000)
  region size 1024K, 2 young (2048K), 2 survivors (2048K)
 Metaspace       used 12188K, committed 12480K, reserved 1114112K
  class space    used 1624K, committed 1728K, reserved 1048576K
}
Event: 5.236 GC heap before
{Heap before GC invocations=2 (full 0):
 garbage-first heap   total reserved 1560576K, committed 98304K, used 49968K [0x00000000a0c00000, 0x0000000100000000)
  region size 1024K, 42 young (43008K), 2 survivors (2048K)
 Metaspace       used 21250K, committed 21504K, reserved 1114112K
  class space    used 2739K, committed 2880K, reserved 1048576K
}
Event: 5.250 GC heap after
{Heap after GC invocations=3 (full 0):
 garbage-first heap   total reserved 1560576K, committed 98304K, used 13657K [0x00000000a0c00000, 0x0000000100000000)
  region size 1024K, 6 young (6144K), 6 survivors (6144K)
 Metaspace       used 21250K, committed 21504K, reserved 1114112K
  class space    used 2739K, committed 2880K, reserved 1048576K
}
Event: 6.762 GC heap before
{Heap before GC invocations=4 (full 0):
 garbage-first heap   total reserved 1560576K, committed 51200K, used 38233K [0x00000000a0c00000, 0x0000000100000000)
  region size 1024K, 30 young (30720K), 6 survivors (6144K)
 Metaspace       used 25480K, committed 25856K, reserved 1114112K
  class space    used 3320K, committed 3520K, reserved 1048576K
}
Event: 6.782 GC heap after
{Heap after GC invocations=5 (full 0):
 garbage-first heap   total reserved 1560576K, committed 51200K, used 16096K [0x00000000a0c00000, 0x0000000100000000)
  region size 1024K, 3 young (3072K), 3 survivors (3072K)
 Metaspace       used 25480K, committed 25856K, reserved 1114112K
  class space    used 3320K, committed 3520K, reserved 1048576K
}
Event: 8.674 GC heap before
{Heap before GC invocations=5 (full 0):
 garbage-first heap   total reserved 1560576K, committed 51200K, used 37600K [0x00000000a0c00000, 0x0000000100000000)
  region size 1024K, 24 young (24576K), 3 survivors (3072K)
 Metaspace       used 29316K, committed 29696K, reserved 1114112K
  class space    used 3912K, committed 4096K, reserved 1048576K
}
Event: 8.698 GC heap after
{Heap after GC invocations=6 (full 0):
 garbage-first heap   total reserved 1560576K, committed 51200K, used 18143K [0x00000000a0c00000, 0x0000000100000000)
  region size 1024K, 3 young (3072K), 3 survivors (3072K)
 Metaspace       used 29316K, committed 29696K, reserved 1114112K
  class space    used 3912K, committed 4096K, reserved 1048576K
}
Event: 10.074 GC heap before
{Heap before GC invocations=6 (full 0):
 garbage-first heap   total reserved 1560576K, committed 51200K, used 38623K [0x00000000a0c00000, 0x0000000100000000)
  region size 1024K, 23 young (23552K), 3 survivors (3072K)
 Metaspace       used 33052K, committed 33600K, reserved 1114112K
  class space    used 4403K, committed 4672K, reserved 1048576K
}
Event: 10.079 GC heap after
{Heap after GC invocations=7 (full 0):
 garbage-first heap   total reserved 1560576K, committed 51200K, used 19899K [0x00000000a0c00000, 0x0000000100000000)
  region size 1024K, 2 young (2048K), 2 survivors (2048K)
 Metaspace       used 33052K, committed 33600K, reserved 1114112K
  class space    used 4403K, committed 4672K, reserved 1048576K
}

Dll operation events (12 events):
Event: 0.035 Loaded shared library C:\Program Files\Java\jdk-23\bin\java.dll
Event: 0.120 Loaded shared library C:\Program Files\Java\jdk-23\bin\jsvml.dll
Event: 0.355 Loaded shared library C:\Program Files\Java\jdk-23\bin\zip.dll
Event: 0.368 Loaded shared library C:\Program Files\Java\jdk-23\bin\instrument.dll
Event: 0.382 Loaded shared library C:\Program Files\Java\jdk-23\bin\net.dll
Event: 0.387 Loaded shared library C:\Program Files\Java\jdk-23\bin\nio.dll
Event: 0.399 Loaded shared library C:\Program Files\Java\jdk-23\bin\zip.dll
Event: 0.753 Loaded shared library C:\Program Files\Java\jdk-23\bin\extnet.dll
Event: 0.843 Loaded shared library C:\Program Files\Java\jdk-23\bin\jimage.dll
Event: 5.725 Loaded shared library C:\Program Files\Java\jdk-23\bin\sunmscapi.dll
Event: 9.496 Loaded shared library C:\Program Files\Java\jdk-23\bin\management.dll
Event: 9.501 Loaded shared library C:\Program Files\Java\jdk-23\bin\management_ext.dll

Deoptimization events (20 events):
Event: 9.858 Thread 0x000001a586b9bfe0 DEOPT PACKING pc=0x000001a533a4394c sp=0x0000003bd8cfed30
Event: 9.858 Thread 0x000001a586b9bfe0 DEOPT UNPACKING pc=0x000001a533434402 sp=0x0000003bd8cfecb0 mode 2
Event: 9.858 Thread 0x000001a586b9bfe0 Uncommon trap: trap_request=0xffffff45 fr.pc=0x000001a533a0168c relative=0x00000000000002cc
Event: 9.858 Thread 0x000001a586b9bfe0 Uncommon trap: reason=unstable_if action=reinterpret pc=0x000001a533a0168c method=java.lang.String.regionMatches(ZILjava/lang/String;II)Z @ 36 c2
Event: 9.858 Thread 0x000001a586b9bfe0 DEOPT PACKING pc=0x000001a533a0168c sp=0x0000003bd8cfec70
Event: 9.858 Thread 0x000001a586b9bfe0 DEOPT UNPACKING pc=0x000001a533434402 sp=0x0000003bd8cfec08 mode 2
Event: 9.873 Thread 0x000001a52145c600 DEOPT PACKING pc=0x000001a52c27561c sp=0x0000003bd6efc5e0
Event: 9.873 Thread 0x000001a52145c600 DEOPT UNPACKING pc=0x000001a533434b22 sp=0x0000003bd6efbab8 mode 0
Event: 9.877 Thread 0x000001a52145c600 DEOPT PACKING pc=0x000001a52c27561c sp=0x0000003bd6efc5e0
Event: 9.877 Thread 0x000001a52145c600 DEOPT UNPACKING pc=0x000001a533434b22 sp=0x0000003bd6efbab8 mode 0
Event: 9.881 Thread 0x000001a52145c600 DEOPT PACKING pc=0x000001a52c27561c sp=0x0000003bd6efc5e0
Event: 9.881 Thread 0x000001a52145c600 DEOPT UNPACKING pc=0x000001a533434b22 sp=0x0000003bd6efbab8 mode 0
Event: 9.885 Thread 0x000001a52145c600 DEOPT PACKING pc=0x000001a52c27561c sp=0x0000003bd6efc5e0
Event: 9.885 Thread 0x000001a52145c600 DEOPT UNPACKING pc=0x000001a533434b22 sp=0x0000003bd6efbab8 mode 0
Event: 9.922 Thread 0x000001a52145c600 DEOPT PACKING pc=0x000001a52c27561c sp=0x0000003bd6efbfe0
Event: 9.922 Thread 0x000001a52145c600 DEOPT UNPACKING pc=0x000001a533434b22 sp=0x0000003bd6efb4b8 mode 0
Event: 9.929 Thread 0x000001a52145c600 Uncommon trap: trap_request=0xffffff45 fr.pc=0x000001a533ad05a0 relative=0x0000000000000320
Event: 9.930 Thread 0x000001a52145c600 Uncommon trap: reason=unstable_if action=reinterpret pc=0x000001a533ad05a0 method=jdk.internal.org.objectweb.asm.Frame.push(I)V @ 26 c2
Event: 9.930 Thread 0x000001a52145c600 DEOPT PACKING pc=0x000001a533ad05a0 sp=0x0000003bd6efd250
Event: 9.930 Thread 0x000001a52145c600 DEOPT UNPACKING pc=0x000001a533434402 sp=0x0000003bd6efd158 mode 2

Classes loaded (20 events):
Event: 9.740 Loading class javax/net/ssl/SSLException
Event: 9.740 Loading class javax/net/ssl/SSLException done
Event: 9.766 Loading class java/nio/channels/CompletionHandler
Event: 9.766 Loading class java/nio/channels/CompletionHandler done
Event: 9.793 Loading class java/util/concurrent/ScheduledThreadPoolExecutor$ScheduledFutureTask
Event: 9.793 Loading class java/util/concurrent/ScheduledThreadPoolExecutor$ScheduledFutureTask done
Event: 9.794 Loading class java/util/concurrent/Executors$RunnableAdapter
Event: 9.794 Loading class java/util/concurrent/Executors$RunnableAdapter done
Event: 9.794 Loading class java/util/concurrent/ThreadPoolExecutor$Worker
Event: 9.794 Loading class java/util/concurrent/ThreadPoolExecutor$Worker done
Event: 9.812 Loading class jdk/internal/event/ThreadSleepEvent
Event: 9.812 Loading class jdk/internal/event/ThreadSleepEvent done
Event: 9.856 Loading class java/util/concurrent/Executors$AutoShutdownDelegatedExecutorService
Event: 9.856 Loading class java/util/concurrent/Executors$DelegatedExecutorService
Event: 9.856 Loading class java/util/concurrent/Executors$DelegatedExecutorService done
Event: 9.856 Loading class java/util/concurrent/Executors$AutoShutdownDelegatedExecutorService done
Event: 9.990 Loading class javax/naming/Referenceable
Event: 9.991 Loading class javax/naming/Referenceable done
Event: 10.060 Loading class java/lang/instrument/ClassFileTransformer
Event: 10.060 Loading class java/lang/instrument/ClassFileTransformer done

Classes unloaded (0 events):
No events

Classes redefined (0 events):
No events

Internal exceptions (20 events):
Event: 7.953 Thread 0x000001a52145c600 Exception <a 'java/lang/NoSuchMethodError'{0x00000000a3014528}: 'void java.lang.invoke.DelegatingMethodHandle$Holder.reinvoke_L(java.lang.Object, java.lang.Object, int)'> (0x00000000a3014528) 
thrown [s\open\src\hotspot\share\interpreter\linkResolver.cpp, line 796]
Event: 8.172 Thread 0x000001a52145c600 Exception <a 'java/lang/NoSuchMethodError'{0x00000000a2e3ebd8}: 'java.lang.Object java.lang.invoke.DirectMethodHandle$Holder.invokeSpecialIFC(java.lang.Object, java.lang.Object, java.lang.Object)'> (0x00000000a2e3ebd8) 
thrown [s\open\src\hotspot\share\interpreter\linkResolver.cpp, line 796]
Event: 8.202 Thread 0x000001a52145c600 Exception <a 'java/lang/NoSuchMethodError'{0x00000000a2e869a0}: 'java.lang.Object java.lang.invoke.DirectMethodHandle$Holder.invokeVirtual(java.lang.Object, java.lang.Object, java.lang.Object, java.lang.Object, java.lang.Object)'> (0x00000000a2e869a0) 
thrown [s\open\src\hotspot\share\interpreter\linkResolver.cpp, line 796]
Event: 8.436 Thread 0x000001a52145c600 Exception <a 'java/lang/NoSuchMethodError'{0x00000000a2b5a730}: 'java.lang.Object java.lang.invoke.DirectMethodHandle$Holder.invokeVirtual(java.lang.Object, java.lang.Object, java.lang.Object, java.lang.Object, java.lang.Object, java.lang.Object)'> (0x00000000a2b5a730) 
thrown [s\open\src\hotspot\share\interpreter\linkResolver.cpp, line 796]
Event: 8.528 Thread 0x000001a52145c600 Exception <a 'java/lang/NoSuchMethodError'{0x00000000a2a66860}: 'void java.lang.invoke.DirectMethodHandle$Holder.invokeInterface(java.lang.Object, java.lang.Object, int)'> (0x00000000a2a66860) 
thrown [s\open\src\hotspot\share\interpreter\linkResolver.cpp, line 796]
Event: 8.550 Thread 0x000001a52145c600 Exception <a 'java/lang/IncompatibleClassChangeError'{0x00000000a2aa9598}: Found class java.lang.Object, but interface was expected> (0x00000000a2aa9598) 
thrown [s\open\src\hotspot\share\interpreter\linkResolver.cpp, line 863]
Event: 8.554 Thread 0x000001a52145c600 Exception <a 'java/lang/NoSuchMethodError'{0x00000000a2ab77a0}: 'int java.lang.invoke.DirectMethodHandle$Holder.invokeSpecialIFC(java.lang.Object, java.lang.Object, java.lang.Object)'> (0x00000000a2ab77a0) 
thrown [s\open\src\hotspot\share\interpreter\linkResolver.cpp, line 796]
Event: 8.580 Thread 0x000001a52145c600 Exception <a 'java/lang/NoSuchMethodError'{0x00000000a2900330}: 'void java.lang.invoke.DirectMethodHandle$Holder.invokeStatic(java.lang.Object, java.lang.Object, java.lang.Object, int, java.lang.Object)'> (0x00000000a2900330) 
thrown [s\open\src\hotspot\share\interpreter\linkResolver.cpp, line 796]
Event: 8.582 Thread 0x000001a52145c600 Exception <a 'java/lang/NoSuchMethodError'{0x00000000a2906b78}: 'java.lang.Object java.lang.invoke.DirectMethodHandle$Holder.newInvokeSpecial(java.lang.Object, java.lang.Object, java.lang.Object, int)'> (0x00000000a2906b78) 
thrown [s\open\src\hotspot\share\interpreter\linkResolver.cpp, line 796]
Event: 8.583 Thread 0x000001a52145c600 Exception <a 'java/lang/NoSuchMethodError'{0x00000000a290a990}: 'java.lang.Object java.lang.invoke.DirectMethodHandle$Holder.invokeSpecial(java.lang.Object, java.lang.Object, java.lang.Object, java.lang.Object, int)'> (0x00000000a290a990) 
thrown [s\open\src\hotspot\share\interpreter\linkResolver.cpp, line 796]
Event: 8.584 Thread 0x000001a52145c600 Exception <a 'java/lang/NoSuchMethodError'{0x00000000a290de30}: 'java.lang.Object java.lang.invoke.Invokers$Holder.linkToTargetMethod(java.lang.Object, java.lang.Object, int, java.lang.Object)'> (0x00000000a290de30) 
thrown [s\open\src\hotspot\share\interpreter\linkResolver.cpp, line 796]
Event: 8.880 Thread 0x000001a52145c600 Exception <a 'java/lang/NoSuchMethodError'{0x00000000a40c0f00}: 'java.lang.Object java.lang.invoke.DirectMethodHandle$Holder.invokeStaticInit(java.lang.Object, int, int, int, int)'> (0x00000000a40c0f00) 
thrown [s\open\src\hotspot\share\interpreter\linkResolver.cpp, line 796]
Event: 9.143 Thread 0x000001a52145c600 Exception <a 'java/lang/NoSuchMethodError'{0x00000000a3f83868}: 'java.lang.Object java.lang.invoke.DirectMethodHandle$Holder.invokeStaticInit(java.lang.Object, java.lang.Object, int, int, int, int)'> (0x00000000a3f83868) 
thrown [s\open\src\hotspot\share\interpreter\linkResolver.cpp, line 796]
Event: 9.445 Thread 0x000001a52145c600 Exception <a 'java/lang/NoSuchMethodError'{0x00000000a36b11b0}: 'int java.lang.invoke.DirectMethodHandle$Holder.invokeVirtual(java.lang.Object, java.lang.Object, java.lang.Object, java.lang.Object)'> (0x00000000a36b11b0) 
thrown [s\open\src\hotspot\share\interpreter\linkResolver.cpp, line 796]
Event: 9.445 Thread 0x000001a52145c600 Exception <a 'java/lang/NoSuchMethodError'{0x00000000a36b4cb0}: 'int java.lang.invoke.DelegatingMethodHandle$Holder.reinvoke_L(java.lang.Object, java.lang.Object, java.lang.Object, java.lang.Object)'> (0x00000000a36b4cb0) 
thrown [s\open\src\hotspot\share\interpreter\linkResolver.cpp, line 796]
Event: 9.529 Thread 0x000001a52145c600 Exception <a 'java/io/FileNotFoundException'{0x00000000a35c4c10}> (0x00000000a35c4c10) 
thrown [s\open\src\hotspot\share\prims\jni.cpp, line 520]
Event: 9.657 Thread 0x000001a52145c600 Exception <a 'java/lang/NoSuchMethodError'{0x00000000a3227e20}: 'int java.lang.invoke.DirectMethodHandle$Holder.invokeInterface(java.lang.Object, java.lang.Object, java.lang.Object, java.lang.Object)'> (0x00000000a3227e20) 
thrown [s\open\src\hotspot\share\interpreter\linkResolver.cpp, line 796]
Event: 9.767 Thread 0x000001a52145c600 Exception <a 'java/lang/NoSuchMethodError'{0x00000000a3014c68}: 'long java.lang.invoke.DirectMethodHandle$Holder.invokeVirtual(java.lang.Object, java.lang.Object)'> (0x00000000a3014c68) 
thrown [s\open\src\hotspot\share\interpreter\linkResolver.cpp, line 796]
Event: 9.929 Thread 0x000001a52145c600 Exception <a 'java/lang/NoSuchMethodError'{0x00000000a2cdd1f8}: 'java.lang.Object java.lang.invoke.DirectMethodHandle$Holder.newInvokeSpecial(java.lang.Object, java.lang.Object, java.lang.Object, java.lang.Object, java.lang.Object, java.lang.Object, java.lang.Object, java.lang.Object, java.lang.Object, java.lang.Object, java.lang.Object)'> (0x00000000a2cdd1f8) 
thrown [s\open\src\hotspot\share\interpreter\linkResolver.cpp, line 796]
Event: 10.191 Thread 0x000001a52145c600 Exception <a 'java/lang/NoSuchMethodError'{0x00000000a41072f8}: 'void java.lang.invoke.DelegatingMethodHandle$Holder.reinvoke_L(java.lang.Object, java.lang.Object, java.lang.Object, java.lang.Object, int, java.lang.Object, java.lang.Object, java.lang.Object)'> (0x00000000a41072f8) 
thrown [s\open\src\hotspot\share\interpreter\linkResolver.cpp, line 796]

VM Operations (20 events):
Event: 7.795 Executing VM operation: HandshakeAllThreads (Deoptimize)
Event: 7.795 Executing VM operation: HandshakeAllThreads (Deoptimize) done
Event: 8.674 Executing VM operation: G1CollectForAllocation (G1 Evacuation Pause)
Event: 8.698 Executing VM operation: G1CollectForAllocation (G1 Evacuation Pause) done
Event: 9.423 Executing VM operation: HandshakeAllThreads (Deoptimize)
Event: 9.423 Executing VM operation: HandshakeAllThreads (Deoptimize) done
Event: 9.514 Executing VM operation: HandshakeAllThreads (Deoptimize)
Event: 9.514 Executing VM operation: HandshakeAllThreads (Deoptimize) done
Event: 9.586 Executing VM operation: HandshakeAllThreads (Deoptimize)
Event: 9.586 Executing VM operation: HandshakeAllThreads (Deoptimize) done
Event: 9.707 Executing VM operation: HandshakeAllThreads (Deoptimize)
Event: 9.707 Executing VM operation: HandshakeAllThreads (Deoptimize) done
Event: 9.707 Executing VM operation: HandshakeAllThreads (Deoptimize)
Event: 9.707 Executing VM operation: HandshakeAllThreads (Deoptimize) done
Event: 9.785 Executing VM operation: HandshakeAllThreads (Deoptimize)
Event: 9.785 Executing VM operation: HandshakeAllThreads (Deoptimize) done
Event: 10.074 Executing VM operation: G1CollectForAllocation (G1 Evacuation Pause)
Event: 10.079 Executing VM operation: G1CollectForAllocation (G1 Evacuation Pause) done
Event: 10.352 Executing VM operation: HandshakeAllThreads (Deoptimize)
Event: 10.352 Executing VM operation: HandshakeAllThreads (Deoptimize) done

Memory protections (0 events):
No events

Nmethod flushes (0 events):
No events

Events (20 events):
Event: 0.112 Thread 0x000001a52145c600 Thread added: 0x000001a53fb3df40
Event: 0.113 Thread 0x000001a52145c600 Thread added: 0x000001a53fb40cc0
Event: 0.113 Thread 0x000001a52145c600 Thread added: 0x000001a53fb418d0
Event: 0.114 Thread 0x000001a52145c600 Thread added: 0x000001a53fb46870
Event: 0.114 Thread 0x000001a52145c600 Thread added: 0x000001a53fb4a510
Event: 0.114 Thread 0x000001a52145c600 Thread added: 0x000001a53fb502d0
Event: 0.115 Thread 0x000001a52145c600 Thread added: 0x000001a53fb536b0
Event: 0.298 Thread 0x000001a52145c600 Thread added: 0x000001a53fb11f70
Event: 0.725 Thread 0x000001a52145c600 Thread added: 0x000001a53ff06c70
Event: 0.725 Thread 0x000001a52145c600 Thread added: 0x000001a53ff026d0
Event: 2.479 Thread 0x000001a53fb536b0 Thread added: 0x000001a53fb53d80
Event: 3.039 Thread 0x000001a52145c600 Thread added: 0x000001a585aa0b90
Event: 4.402 Thread 0x000001a52145c600 Thread added: 0x000001a5861908f0
Event: 4.518 Thread 0x000001a5861908f0 Thread exited: 0x000001a5861908f0
Event: 5.767 Thread 0x000001a585aa0b90 Thread exited: 0x000001a585aa0b90
Event: 9.472 Thread 0x000001a53fb53d80 Thread exited: 0x000001a53fb53d80
Event: 9.798 Thread 0x000001a52145c600 Thread added: 0x000001a586b9b950
Event: 9.800 Thread 0x000001a586b9b950 Thread added: 0x000001a586b9c670
Event: 9.811 Thread 0x000001a52145c600 Thread added: 0x000001a586b9ac30
Event: 9.857 Thread 0x000001a52145c600 Thread added: 0x000001a586b9bfe0


Dynamic libraries:
0x00007ff6a36d0000 - 0x00007ff6a36e0000 	C:\Program Files\Java\jdk-23\bin\java.exe
0x00007ff9a1090000 - 0x00007ff9a12a7000 	C:\WINDOWS\SYSTEM32\ntdll.dll
0x00007ff99f550000 - 0x00007ff99f614000 	C:\WINDOWS\System32\KERNEL32.DLL
0x00007ff99e360000 - 0x00007ff99e733000 	C:\WINDOWS\System32\KERNELBASE.dll
0x00007ff99e910000 - 0x00007ff99ea21000 	C:\WINDOWS\System32\ucrtbase.dll
0x00007ff97ddf0000 - 0x00007ff97de0b000 	C:\Program Files\Java\jdk-23\bin\VCRUNTIME140.dll
0x00007ff97d180000 - 0x00007ff97d197000 	C:\Program Files\Java\jdk-23\bin\jli.dll
0x00007ff99eee0000 - 0x00007ff99f091000 	C:\WINDOWS\System32\USER32.dll
0x00007ff99e330000 - 0x00007ff99e356000 	C:\WINDOWS\System32\win32u.dll
0x00007ff989ed0000 - 0x00007ff98a16b000 	C:\WINDOWS\WinSxS\amd64_microsoft.windows.common-controls_6595b64144ccf1df_6.0.22621.5262_none_2712bde373830908\COMCTL32.dll
0x00007ff9a0fa0000 - 0x00007ff9a1047000 	C:\WINDOWS\System32\msvcrt.dll
0x00007ff99f520000 - 0x00007ff99f549000 	C:\WINDOWS\System32\GDI32.dll
0x00007ff99e7e0000 - 0x00007ff99e902000 	C:\WINDOWS\System32\gdi32full.dll
0x00007ff99e740000 - 0x00007ff99e7da000 	C:\WINDOWS\System32\msvcp_win.dll
0x00007ff99f290000 - 0x00007ff99f2c1000 	C:\WINDOWS\System32\IMM32.DLL
0x00007ff989000000 - 0x00007ff98900c000 	C:\Program Files\Java\jdk-23\bin\vcruntime140_1.dll
0x00007ff96f650000 - 0x00007ff96f6de000 	C:\Program Files\Java\jdk-23\bin\msvcp140.dll
0x00007ff911690000 - 0x00007ff9123e0000 	C:\Program Files\Java\jdk-23\bin\server\jvm.dll
0x00007ff99f460000 - 0x00007ff99f511000 	C:\WINDOWS\System32\ADVAPI32.dll
0x00007ff9a0ad0000 - 0x00007ff9a0b77000 	C:\WINDOWS\System32\sechost.dll
0x00007ff99e300000 - 0x00007ff99e328000 	C:\WINDOWS\System32\bcrypt.dll
0x00007ff99fca0000 - 0x00007ff99fdb4000 	C:\WINDOWS\System32\RPCRT4.dll
0x00007ff99ed40000 - 0x00007ff99edb1000 	C:\WINDOWS\System32\WS2_32.dll
0x00007ff99e060000 - 0x00007ff99e0ad000 	C:\WINDOWS\SYSTEM32\POWRPROF.dll
0x00007ff997340000 - 0x00007ff997374000 	C:\WINDOWS\SYSTEM32\WINMM.dll
0x00007ff9972f0000 - 0x00007ff9972fa000 	C:\WINDOWS\SYSTEM32\VERSION.dll
0x00007ff99e040000 - 0x00007ff99e053000 	C:\WINDOWS\SYSTEM32\UMPDC.dll
0x00007ff99d190000 - 0x00007ff99d1a8000 	C:\WINDOWS\SYSTEM32\kernel.appcore.dll
0x00007ff987760000 - 0x00007ff98776a000 	C:\Program Files\Java\jdk-23\bin\jimage.dll
0x00007ff99ba80000 - 0x00007ff99bcb2000 	C:\WINDOWS\SYSTEM32\DBGHELP.DLL
0x00007ff9a0c00000 - 0x00007ff9a0f93000 	C:\WINDOWS\System32\combase.dll
0x00007ff99f2d0000 - 0x00007ff99f3a7000 	C:\WINDOWS\System32\OLEAUT32.dll
0x00007ff994600000 - 0x00007ff994632000 	C:\WINDOWS\SYSTEM32\dbgcore.DLL
0x00007ff99ea30000 - 0x00007ff99eaab000 	C:\WINDOWS\System32\bcryptPrimitives.dll
0x00007ff97fbf0000 - 0x00007ff97fbff000 	C:\Program Files\Java\jdk-23\bin\instrument.dll
0x00007ff97cf00000 - 0x00007ff97cf1e000 	C:\Program Files\Java\jdk-23\bin\java.dll
0x00007ff99fdc0000 - 0x00007ff99ff61000 	C:\WINDOWS\System32\ole32.dll
0x00007ff9a0150000 - 0x00007ff9a09ed000 	C:\WINDOWS\System32\SHELL32.dll
0x00007ff99ebf0000 - 0x00007ff99ed2f000 	C:\WINDOWS\System32\wintypes.dll
0x00007ff99c080000 - 0x00007ff99c99d000 	C:\WINDOWS\SYSTEM32\windows.storage.dll
0x00007ff99edc0000 - 0x00007ff99eecb000 	C:\WINDOWS\System32\SHCORE.dll
0x00007ff99f220000 - 0x00007ff99f286000 	C:\WINDOWS\System32\shlwapi.dll
0x00007ff99e0c0000 - 0x00007ff99e0eb000 	C:\WINDOWS\SYSTEM32\profapi.dll
0x00007ff96bea0000 - 0x00007ff96bf77000 	C:\Program Files\Java\jdk-23\bin\jsvml.dll
0x00007ff97ba50000 - 0x00007ff97ba67000 	C:\Program Files\Java\jdk-23\bin\zip.dll
0x00007ff981860000 - 0x00007ff981870000 	C:\Program Files\Java\jdk-23\bin\net.dll
0x00007ff99d610000 - 0x00007ff99d67a000 	C:\WINDOWS\system32\mswsock.dll
0x00007ff97ce80000 - 0x00007ff97ce96000 	C:\Program Files\Java\jdk-23\bin\nio.dll
0x00007ff980400000 - 0x00007ff980409000 	C:\Program Files\Java\jdk-23\bin\extnet.dll
0x00007ff993bb0000 - 0x00007ff993bbe000 	C:\Program Files\Java\jdk-23\bin\sunmscapi.dll
0x00007ff99e190000 - 0x00007ff99e2f7000 	C:\WINDOWS\System32\CRYPT32.dll
0x00007ff99da40000 - 0x00007ff99da6d000 	C:\WINDOWS\SYSTEM32\ncrypt.dll
0x00007ff99da00000 - 0x00007ff99da37000 	C:\WINDOWS\SYSTEM32\NTASN1.dll
0x00007ff99d890000 - 0x00007ff99d8ab000 	C:\WINDOWS\SYSTEM32\CRYPTSP.dll
0x00007ff99d0f0000 - 0x00007ff99d127000 	C:\WINDOWS\system32\rsaenh.dll
0x00007ff99d6f0000 - 0x00007ff99d718000 	C:\WINDOWS\SYSTEM32\USERENV.dll
0x00007ff99d880000 - 0x00007ff99d88c000 	C:\WINDOWS\SYSTEM32\CRYPTBASE.dll
0x00007ff99cc00000 - 0x00007ff99cc2d000 	C:\WINDOWS\SYSTEM32\IPHLPAPI.DLL
0x00007ff99ed30000 - 0x00007ff99ed39000 	C:\WINDOWS\System32\NSI.dll
0x00007ff97fbe0000 - 0x00007ff97fbea000 	C:\Program Files\Java\jdk-23\bin\management.dll
0x00007ff97f450000 - 0x00007ff97f45b000 	C:\Program Files\Java\jdk-23\bin\management_ext.dll
0x00007ff9a0b80000 - 0x00007ff9a0b88000 	C:\WINDOWS\System32\PSAPI.DLL

dbghelp: loaded successfully - version: 4.0.5 - missing functions: none
symbol engine: initialized successfully - sym options: 0x614 - pdb path: .;C:\Program Files\Java\jdk-23\bin;C:\WINDOWS\SYSTEM32;C:\WINDOWS\WinSxS\amd64_microsoft.windows.common-controls_6595b64144ccf1df_6.0.22621.5262_none_2712bde373830908;C:\Program Files\Java\jdk-23\bin\server

VM Arguments:
jvm_args: -javaagent:C:\Program Files\JetBrains\IntelliJ IDEA Community Edition 2024.3.2.2\lib\idea_rt.jar=64282 -Dfile.encoding=UTF-8 -Dsun.stdout.encoding=UTF-8 -Dsun.stderr.encoding=UTF-8 
java_command: com.trackme.TrackmeApplication
java_class_path (initial): C:\Users\ASUS\OneDrive - UCB\7MO SEMESTRE\TALLER\hahaha\SistemaDesaparecidos\Trackme\target\classes;C:\Users\ASUS\.m2\repository\org\springframework\spring-aop\6.2.3\spring-aop-6.2.3.jar;C:\Users\ASUS\.m2\repository\org\springframework\spring-beans\6.2.3\spring-beans-6.2.3.jar;C:\Users\ASUS\.m2\repository\org\springframework\spring-context\6.2.3\spring-context-6.2.3.jar;C:\Users\ASUS\.m2\repository\org\springframework\spring-expression\6.2.3\spring-expression-6.2.3.jar;C:\Users\ASUS\.m2\repository\io\micrometer\micrometer-observation\1.14.4\micrometer-observation-1.14.4.jar;C:\Users\ASUS\.m2\repository\io\micrometer\micrometer-commons\1.14.4\micrometer-commons-1.14.4.jar;C:\Users\ASUS\.m2\repository\org\springframework\spring-core\6.2.3\spring-core-6.2.3.jar;C:\Users\ASUS\.m2\repository\org\springframework\spring-jcl\6.2.3\spring-jcl-6.2.3.jar;C:\Users\ASUS\.m2\repository\org\springframework\security\spring-security-crypto\6.4.3\spring-security-crypto-6.4.3.jar;C:\Users\ASUS\.m2\repository\org\springframework\boot\spring-boot-starter-data-jpa\3.4.3\spring-boot-starter-data-jpa-3.4.3.jar;C:\Users\ASUS\.m2\repository\org\springframework\boot\spring-boot-starter\3.4.3\spring-boot-starter-3.4.3.jar;C:\Users\ASUS\.m2\repository\org\springframework\boot\spring-boot\3.4.3\spring-boot-3.4.3.jar;C:\Users\ASUS\.m2\repository\org\springframework\boot\spring-boot-autoconfigure\3.4.3\spring-boot-autoconfigure-3.4.3.jar;C:\Users\ASUS\.m2\repository\org\springframework\boot\spring-boot-starter-logging\3.4.3\spring-boot-starter-logging-3.4.3.jar;C:\Users\ASUS\.m2\repository\ch\qos\logback\logback-classic\1.5.16\logback-classic-1.5.16.jar;C:\Users\ASUS\.m2\repository\ch\qos\logback\logback-core\1.5.16\logback-core-1.5.16.jar;C:\Users\ASUS\.m2\repository\org\apache\logging\log4j\log4j-to-slf4j\2.24.3\log4j-to-slf4j-2.24.3.jar;C:\Users\ASUS\.m2\repository\org\apache\logging\log4j\log4j-api\2.24.3\log4j-api-2.24.3.jar;C:\Users\ASUS\.m2\repository\org\slf4j\jul-to-slf4j\2.0.16\jul-to-slf4j-2.0.16.jar;C:\Users\ASUS\.m2\repository\jakarta\annotation\jakarta.annotation-api\2.1.1\jakarta.annotation-api-2.1.1.jar;C:\Users\ASUS\.m2\repository\org\yaml\snakeyaml\2.3\snakeyaml-2.3.jar;C:\Users\ASUS\.m2\repository\org\springframework\boot\spring-boot-starter-jdbc\3.4.3\spring-boot-starter-jdbc-3.4.3.jar;C:\Users\ASUS\.m2\repository\com\zaxxer\HikariCP\5.1.0\HikariCP-5.1.0.jar;C:\Users\ASUS\.m2\repository\org\springframework\spring-jdbc\6.2.3\spring-jdbc-6.2.3.jar;C:\Users\ASUS\.m2\repository\org\hibernate\orm\hibernate-core\6.6.8.Final\hibernate-core-6.6.8.Final.jar;C:\Users\ASUS\.m2\repository\jakarta\persistence\jakarta.persistence-api\3.1.0\jakarta.persistence-api-3.1.0.jar;C:\Users\ASUS\.m2\repository\jakarta\transaction\jakarta.transaction-api\2.0.1\jakarta.transaction-api-2.0.1.jar;C:\Users\ASUS\.m2\repository\org\hibernate\common\hibernate-commons-annotations\7.0.3.Final\hibernate-commons-annotations-7.0.3.Final.jar;C:\Users\ASUS\.m2\repository\io\smallrye\jandex\3.2.0\jandex-3.2.0.jar;C:\Users\ASUS\.m2\repository\org\glassfish\jaxb\jaxb-runtime\4.0.5\jaxb-runtime-4.0.5.jar;C:\Users\ASUS\.m2\repository\org\glassfish\jaxb\jaxb-core\4.0.5\jaxb-core-4.0.5.jar;C:\Users\ASUS\.m2\repository\org\eclipse\angus\angus-activation\2.0.2\angus-activation-2.0.2.jar;C:\Users\ASUS\.m2\repository\org\glassfish\jaxb\txw2\4.0.5\txw2-4.0.5.jar;C:\Users\ASUS\.m2\repository\com\sun\istack\istack-commons-runtime\4.1.2\istack-commons-runtime-4.1.2.jar;C:\Users\ASUS\.m2\repository\jakarta\inject\jakarta.inject-api\2.0.1\jakarta.inject-api-2.0.1.jar;C:\Users\ASUS\.m2\repository\org\antlr\antlr4-runtime\4.13.0\antlr4-runtime-4.13.0.jar;C:\Users\ASUS\.m2\repository\org\springframework\data\spring-data-jpa\3.4.3\spring-data-jpa-3.4.3.jar;C:\Users\ASUS\.m2\repository\org\springframework\data\spring-data-commons\3.4.3\spring-data-commons-3.4.3.jar;C:\Users\ASUS\.m2\repository\org\springframework\spring-orm\6.2.3\spring-orm-6.2.3.jar;C:\Users\ASUS\.m2\repository\org\springframework\spring-tx\6.2.3\spring-tx-6.2.3.jar;C:\Users\ASUS\.m2\repository\org\slf4j\slf4j-api\2.0.16\slf4j-api-2.0.16.jar;C:\Users\ASUS\.m2\repository\org\springframework\spring-aspects\6.2.3\spring-aspects-6.2.3.jar;C:\Users\ASUS\.m2\repository\org\aspectj\aspectjweaver\1.9.22.1\aspectjweaver-1.9.22.1.jar;C:\Users\ASUS\.m2\repository\org\springframework\boot\spring-boot-starter-web\3.4.3\spring-boot-starter-web-3.4.3.jar;C:\Users\ASUS\.m2\repository\org\springframework\boot\spring-boot-starter-json\3.4.3\spring-boot-starter-json-3.4.3.jar;C:\Users\ASUS\.m2\repository\com\fasterxml\jackson\core\jackson-databind\2.18.2\jackson-databind-2.18.2.jar;C:\Users\ASUS\.m2\repository\com\fasterxml\jackson\core\jackson-annotations\2.18.2\jackson-annotations-2.18.2.jar;C:\Users\ASUS\.m2\repository\com\fasterxml\jackson\core\jackson-core\2.18.2\jackson-core-2.18.2.jar;C:\Users\ASUS\.m2\repository\com\fasterxml\jackson\datatype\jackson-datatype-jdk8\2.18.2\jackson-datatype-jdk8-2.18.2.jar;C:\Users\ASUS\.m2\repository\com\fasterxml\jackson\datatype\jackson-datatype-jsr310\2.18.2\jackson-datatype-jsr310-2.18.2.jar;C:\Users\ASUS\.m2\repository\com\fasterxml\jackson\module\jackson-module-parameter-names\2.18.2\jackson-module-parameter-names-2.18.2.jar;C:\Users\ASUS\.m2\repository\org\springframework\boot\spring-boot-starter-tomcat\3.4.3\spring-boot-starter-tomcat-3.4.3.jar;C:\Users\ASUS\.m2\repository\org\apache\tomcat\embed\tomcat-embed-core\10.1.36\tomcat-embed-core-10.1.36.jar;C:\Users\ASUS\.m2\repository\org\apache\tomcat\embed\tomcat-embed-el\10.1.36\tomcat-embed-el-10.1.36.jar;C:\Users\ASUS\.m2\repository\org\apache\tomcat\embed\tomcat-embed-websocket\10.1.36\tomcat-embed-websocket-10.1.36.jar;C:\Users\ASUS\.m2\repository\org\springframework\spring-web\6.2.3\spring-web-6.2.3.jar;C:\Users\ASUS\.m2\repository\org\springframework\spring-webmvc\6.2.3\spring-webmvc-6.2.3.jar;C:\Users\ASUS\.m2\repository\com\mysql\mysql-connector-j\9.1.0\mysql-connector-j-9.1.0.jar;C:\Users\ASUS\.m2\repository\jakarta\xml\bind\jakarta.xml.bind-api\4.0.2\jakarta.xml.bind-api-4.0.2.jar;C:\Users\ASUS\.m2\repository\jakarta\activation\jakarta.activation-api\2.1.3\jakarta.activation-api-2.1.3.jar;C:\Users\ASUS\.m2\repository\net\bytebuddy\byte-buddy\1.15.11\byte-buddy-1.15.11.jar;C:\Users\ASUS\.m2\repository\org\hibernate\validator\hibernate-validator\8.0.1.Final\hibernate-validator-8.0.1.Final.jar;C:\Users\ASUS\.m2\repository\org\jboss\logging\jboss-logging\3.6.1.Final\jboss-logging-3.6.1.Final.jar;C:\Users\ASUS\.m2\repository\com\fasterxml\classmate\1.7.0\classmate-1.7.0.jar;C:\Users\ASUS\.m2\repository\jakarta\validation\jakarta.validation-api\3.0.2\jakarta.validation-api-3.0.2.jar
Launcher Type: SUN_STANDARD

[Global flags]
     intx CICompilerCount                          = 4                                         {product} {ergonomic}
     uint ConcGCThreads                            = 2                                         {product} {ergonomic}
     uint G1ConcRefinementThreads                  = 8                                         {product} {ergonomic}
   size_t G1HeapRegionSize                         = 1048576                                   {product} {ergonomic}
   size_t InitialHeapSize                          = 100663296                                 {product} {ergonomic}
   size_t MarkStackSize                            = 4194304                                   {product} {ergonomic}
   size_t MarkStackSizeMax                         = 536870912                                 {product} {ergonomic}
   size_t MaxHeapSize                              = 1598029824                                {product} {ergonomic}
   size_t MaxNewSize                               = 958398464                                 {product} {ergonomic}
   size_t MinHeapDeltaBytes                        = 1048576                                   {product} {ergonomic}
   size_t MinHeapSize                              = 8388608                                   {product} {ergonomic}
    uintx NonNMethodCodeHeapSize                   = 5832704                                {pd product} {ergonomic}
    uintx NonProfiledCodeHeapSize                  = 122945536                              {pd product} {ergonomic}
    uintx ProfiledCodeHeapSize                     = 122880000                              {pd product} {ergonomic}
    uintx ReservedCodeCacheSize                    = 251658240                              {pd product} {ergonomic}
     bool SegmentedCodeCache                       = true                                      {product} {ergonomic}
   size_t SoftMaxHeapSize                          = 1598029824                             {manageable} {ergonomic}
     bool UseCompressedOops                        = true                           {product lp64_product} {ergonomic}
     bool UseG1GC                                  = true                                      {product} {ergonomic}
     bool UseLargePagesIndividualAllocation        = false                                  {pd product} {ergonomic}

Logging:
Log output configuration:
 #0: stdout all=warning uptime,level,tags foldmultilines=false
 #1: stderr all=off uptime,level,tags foldmultilines=false

Environment Variables:
PATH=C:\Program Files (x86)\VMware\VMware Workstation\bin\;C:\Program Files\Common Files\Oracle\Java\javapath;C:\Program Files (x86)\Common Files\Oracle\Java\java8path;C:\Program Files (x86)\Common Files\Oracle\Java\javapath;C:\Program Files\Rockwell Software\RSCommon;C:\WINDOWS\system32;C:\WINDOWS;C:\WINDOWS\System32\Wbem;C:\WINDOWS\System32\WindowsPowerShell\v1.0\;C:\WINDOWS\System32\OpenSSH\;C:\Program Files\Microsoft SQL Server\150\Tools\Binn\;C:\Program Files\Microsoft SQL Server\Client SDK\ODBC\170\Tools\Binn\;C:\Users\ASUS\AppData\Roaming\Microsoft\Windows\Start Menu\Programs\Visual Studio Code;C:\WINDOWS}system32;C:\Program Files\dotnet\;C:\Users\ASUS\AppData\Local\Microsoft\WindowsApps\PythonSoftwareFoundation.Python.3.11_qbz5n2kfra8p0\python.exe;C:\Program Files (x86)\Microsoft SQL Server\160\Tools\Binn\;C:\Program Files\Microsoft SQL Server\160\Tools\Binn\;C:\Program Files\Microsoft SQL Server\160\DTS\Binn\;C:\Program Files (x86)\Microsoft SQL Server\160\DTS\Binn\;C:\Program Files\Azure Data Studio\bin;C:\Program Files\Git\cmd;C:\Program Files\nodejs\;C:\Program Files\Docker\Docker\resources\bin;C:\WINDOWS\system32;C:\WINDOWS;C:\WINDOWS\System32\Wbem;C:\WINDOWS\System32\WindowsPowerShell\v1.0\;C:\WINDOWS\System32\OpenSSH\;C:\Program Files\Microsoft SQL Server\150\Tools\Binn\;C:\Program Files\Microsoft SQL Server\Client SDK\ODBC\170\Tools\Binn\;C:\Program Files\dotnet\;C:\Program Files\Git\cmd;C:\Users\ASUS\AppData\Roaming\Microsoft\Windows\Start Menu\Programs\Visual Studio Code;C:\Users\ASUS\AppData\Local\Microsoft\WindowsApps;C:\Users\ASUS\.dotnet\tools;C:\Microsoft VS Code\bin;C:\MinGW\bin;C:\Users\ASUS\.dotnet\tools;C:\Program Files\Azure Data Studio\bin;C:\Users\ASUS\AppData\Local\Programs\Azure Data Studio\bin;C:\Users\ASUS\AppData\Local\Microsoft\WinGet\Packages\Schniz.fnm_Microsoft.Winget.Source_8wekyb3d8bbwe;C:\Users\ASUS\AppData\Roaming\npm
USERNAME=ASUS
OS=Windows_NT
PROCESSOR_IDENTIFIER=AMD64 Family 23 Model 24 Stepping 1, AuthenticAMD
TMP=C:\Users\ASUS\AppData\Local\Temp
TEMP=C:\Users\ASUS\AppData\Local\Temp




Periodic native trim disabled

---------------  S Y S T E M  ---------------

OS:
 Windows 11 , 64 bit Build 22621 (10.0.22621.5262)
OS uptime: 1 days 0:08 hours
Hyper-V role detected

CPU: total 8 (initial active 8) (8 cores per cpu, 2 threads per core) family 23 model 24 stepping 1 microcode 0x0, cx8, cmov, fxsr, ht, mmx, 3dnowpref, sse, sse2, sse3, ssse3, sse4a, sse4.1, sse4.2, popcnt, lzcnt, tsc, tscinvbit, avx, avx2, aes, clmul, bmi1, bmi2, adx, sha, fma, vzeroupper, clflush, clflushopt, hv, rdtscp, f16c
Processor Information for the first 8 processors :
  Max Mhz: 2100, Current Mhz: 2100, Mhz Limit: 2100

Memory: 4k page, system-wide physical 6091M (367M free)
TotalPageFile size 18902M (AvailPageFile size 3041M)
current process WorkingSet (physical memory assigned to process): 190M, peak: 190M
current process commit charge ("private bytes"): 229M, peak: 229M

vm_info: Java HotSpot(TM) 64-Bit Server VM (23.0.2+7-58) for windows-amd64 JRE (23.0.2+7-58), built on 2024-11-29T09:34:55Z with MS VC++ 17.6 (VS2022)

END.
